<?xml version="1.0" encoding="UTF-8"?>
<testsuite name="com.cryptomobile.crypto.JweStepTest" tests="3" skipped="0" failures="0" errors="0" timestamp="2026-04-30T13:04:14.536Z" hostname="NeCr0s-MacBook-Pro.local" time="0.205">
  <properties/>
  <testcase name="dir_a256gcm_round_trip()" classname="com.cryptomobile.crypto.JweStepTest" time="0.031"/>
  <testcase name="rsa_oaep_256_a256gcm_round_trip()" classname="com.cryptomobile.crypto.JweStepTest" time="0.127"/>
  <testcase name="ecdh_es_a256gcm_round_trip()" classname="com.cryptomobile.crypto.JweStepTest" time="0.047"/>
  <system-out><![CDATA[]]></system-out>
  <system-err><![CDATA[]]></system-err>
</testsuite>
