<?xml version="1.0" encoding="UTF-8"?>
<testsuite name="com.cryptomobile.crypto.PipelineIntegrationTest" tests="2" skipped="0" failures="0" errors="0" timestamp="2026-04-30T13:04:14.742Z" hostname="NeCr0s-MacBook-Pro.local" time="0.004">
  <properties/>
  <testcase name="multilayer_base64_aes_base64()" classname="com.cryptomobile.crypto.PipelineIntegrationTest" time="0.002"/>
  <testcase name="trace_gives_one_stage_per_step()" classname="com.cryptomobile.crypto.PipelineIntegrationTest" time="0.001"/>
  <system-out><![CDATA[]]></system-out>
  <system-err><![CDATA[]]></system-err>
</testsuite>
